Error,09-09-2016 05:46:15 PM,Microsoft-Windows-Security-SPP,8198,None,"License Activation (slui.exe) failed with the following error code:
hr=0x8007007B
Command-line arguments:
RuleId=502ff3ba-669a-4674-bbb1-601f34a3b968;Action=AutoActivateSilent;AppId=55c92734-d682-4d71-983e-d6ec3f16059f;SkuId=73111121-5638-40f6-bc11-f1d7b0d64300;NotificationInterval=1440;Trigger=TimerEvent"
Error,09-09-2016 03:46:40 PM,Microsoft-Windows-DistributedCOM,10016,None,"The application-specific permission settings do not grant Local Activation permission for the COM Server application with CLSID 
{D63B10C5-BB46-4990-A94F-E40B9D520160}
 and APPID 
{9CA88EE3-ACB7-47C8-AFC4-AB702511C276}
 to the user NT AUTHORITY\SYSTEM SID (S-1-5-18) from address LocalHost (Using LRPC) running in the application container Unavailable SID (Unavailable). This security permission can be modified using the Component Services administrative tool."
Warning,09-09-2016 03:46:32 PM,Microsoft-Windows-Security-SPP,8233,None,"The rules engine reported a failed VL activation attempt.
Reason:0x8007007B
AppId = 0ff1ce15-a989-479d-af46-f275c6370663, SkuId = d450596f-894d-49e0-966a-fd39ed4c4c64
Trigger=TimerEvent"
Error,09-09-2016 03:46:08 PM,Microsoft-Windows-Security-SPP,8198,None,"License Activation (slui.exe) failed with the following error code:
hr=0x8007007B
Command-line arguments:
RuleId=502ff3ba-669a-4674-bbb1-601f34a3b968;Action=AutoActivateSilent;AppId=55c92734-d682-4d71-983e-d6ec3f16059f;SkuId=73111121-5638-40f6-bc11-f1d7b0d64300;NotificationInterval=1440;Trigger=TimerEvent"
Warning,09-09-2016 01:46:31 PM,Microsoft-Windows-Security-SPP,8233,None,"The rules engine reported a failed VL activation attempt.
Reason:0x8007007B
AppId = 0ff1ce15-a989-479d-af46-f275c6370663, SkuId = d450596f-894d-49e0-966a-fd39ed4c4c64
Trigger=TimerEvent"
Error,09-09-2016 01:46:07 PM,Microsoft-Windows-Security-SPP,8198,None,"License Activation (slui.exe) failed with the following error code:
hr=0x8007007B
Command-line arguments:
RuleId=502ff3ba-669a-4674-bbb1-601f34a3b968;Action=AutoActivateSilent;AppId=55c92734-d682-4d71-983e-d6ec3f16059f;SkuId=73111121-5638-40f6-bc11-f1d7b0d64300;NotificationInterval=1440;Trigger=TimerEvent"
Warning,09-09-2016 11:46:29 AM,Microsoft-Windows-Security-SPP,8233,None,"The rules engine reported a failed VL activation attempt.
Reason:0x8007007B
AppId = 0ff1ce15-a989-479d-af46-f275c6370663, SkuId = d450596f-894d-49e0-966a-fd39ed4c4c64
Trigger=TimerEvent"
Error,09-09-2016 11:46:16 AM,Microsoft-Windows-Security-SPP,8198,None,"License Activation (slui.exe) failed with the following error code:
hr=0x8007007B
Command-line arguments:
RuleId=502ff3ba-669a-4674-bbb1-601f34a3b968;Action=AutoActivateSilent;AppId=55c92734-d682-4d71-983e-d6ec3f16059f;SkuId=73111121-5638-40f6-bc11-f1d7b0d64300;NotificationInterval=1440;Trigger=TimerEvent"
Error,09-09-2016 10:50:16 AM,Microsoft-Windows-DistributedCOM,10016,None,"The application-specific permission settings do not grant Local Activation permission for the COM Server application with CLSID 
{D63B10C5-BB46-4990-A94F-E40B9D520160}
 and APPID 
{9CA88EE3-ACB7-47C8-AFC4-AB702511C276}
 to the user NT AUTHORITY\SYSTEM SID (S-1-5-18) from address LocalHost (Using LRPC) running in the application container Unavailable SID (Unavailable). This security permission can be modified using the Component Services administrative tool."
Error,09-09-2016 09:46:39 AM,Microsoft-Windows-Security-SPP,8198,None,"License Activation (slui.exe) failed with the following error code:
hr=0x8007007B
Command-line arguments:
RuleId=502ff3ba-669a-4674-bbb1-601f34a3b968;Action=AutoActivateSilent;AppId=55c92734-d682-4d71-983e-d6ec3f16059f;SkuId=73111121-5638-40f6-bc11-f1d7b0d64300;NotificationInterval=1440;Trigger=NetworkAvailable"
Error,09-09-2016 09:46:37 AM,Microsoft-Windows-Security-SPP,8198,None,"License Activation (slui.exe) failed with the following error code:
hr=0x8007007B
Command-line arguments:
RuleId=502ff3ba-669a-4674-bbb1-601f34a3b968;Action=AutoActivateSilent;AppId=55c92734-d682-4d71-983e-d6ec3f16059f;SkuId=73111121-5638-40f6-bc11-f1d7b0d64300;NotificationInterval=1440;Trigger=NetworkAvailable"
Warning,09-09-2016 09:46:31 AM,Microsoft-Windows-Security-SPP,8233,None,"The rules engine reported a failed VL activation attempt.
Reason:0x8007007B
AppId = 0ff1ce15-a989-479d-af46-f275c6370663, SkuId = d450596f-894d-49e0-966a-fd39ed4c4c64
Trigger=NetworkAvailable"
Warning,09-09-2016 09:46:24 AM,Microsoft-Windows-Security-SPP,8233,None,"The rules engine reported a failed VL activation attempt.
Reason:0x8007007B
AppId = 0ff1ce15-a989-479d-af46-f275c6370663, SkuId = d450596f-894d-49e0-966a-fd39ed4c4c64
Trigger=NetworkAvailable"
Error,09-09-2016 09:46:17 AM,Microsoft-Windows-Dhcp-Client,1002,Address Configuration State Event,The IP address lease 192.168.0.101 for the Network Card with network address 0xC038969860C7 has been denied by the DHCP server 192.168.0.1 (The DHCP Server sent a DHCPNACK message).
Error,09-09-2016 09:13:05 AM,Microsoft-Windows-Security-SPP,8198,None,"License Activation (slui.exe) failed with the following error code:
hr=0x8007007B
Command-line arguments:
RuleId=502ff3ba-669a-4674-bbb1-601f34a3b968;Action=AutoActivateSilent;AppId=55c92734-d682-4d71-983e-d6ec3f16059f;SkuId=73111121-5638-40f6-bc11-f1d7b0d64300;NotificationInterval=1440;Trigger=UserLogon;SessionId=10"
Warning,09-09-2016 09:13:01 AM,Microsoft-Windows-Security-SPP,8233,None,"The rules engine reported a failed VL activation attempt.
Reason:0x8007007B
AppId = 0ff1ce15-a989-479d-af46-f275c6370663, SkuId = d450596f-894d-49e0-966a-fd39ed4c4c64
Trigger=UserLogon(10)"
Error,09-09-2016 09:12:54 AM,Microsoft-Windows-DistributedCOM,10016,None,"The application-specific permission settings do not grant Local Activation permission for the COM Server application with CLSID 
{8D8F4F83-3594-4F07-8369-FC3C3CAE4919}
 and APPID 
{F72671A9-012C-4725-9D2F-2A4D32D65169}
 to the user NT AUTHORITY\SYSTEM SID (S-1-5-18) from address LocalHost (Using LRPC) running in the application container Unavailable SID (Unavailable). This security permission can be modified using the Component Services administrative tool."
Error,09-09-2016 09:10:45 AM,Microsoft-Windows-Security-SPP,8198,None,"License Activation (slui.exe) failed with the following error code:
hr=0x8007139F
Command-line arguments:
RuleId=502ff3ba-669a-4674-bbb1-601f34a3b968;Action=AutoActivateSilent;AppId=55c92734-d682-4d71-983e-d6ec3f16059f;SkuId=73111121-5638-40f6-bc11-f1d7b0d64300;NotificationInterval=1440;Trigger=NetworkAvailable"
Warning,09-09-2016 09:10:41 AM,Microsoft-Windows-Security-SPP,8233,None,"The rules engine reported a failed VL activation attempt.
Reason:0x8007007B
AppId = 0ff1ce15-a989-479d-af46-f275c6370663, SkuId = d450596f-894d-49e0-966a-fd39ed4c4c64
Trigger=NetworkAvailable"
Error,09-09-2016 12:43:05 AM,Microsoft-Windows-DistributedCOM,10010,None,The server {37998346-3765-45B1-8C66-AA88CA6B20B8} did not register with DCOM within the required timeout.
Error,09-09-2016 12:41:05 AM,Service Control Manager,7023,None,"The Connected Devices Platform Service service terminated with the following error: 
Unspecified error"
Warning,09-09-2016 12:40:33 AM,Microsoft-Windows-Security-SPP,8233,None,"The rules engine reported a failed VL activation attempt.
Reason:0x8007007B
AppId = 0ff1ce15-a989-479d-af46-f275c6370663, SkuId = d450596f-894d-49e0-966a-fd39ed4c4c64
Trigger=TimerEvent"
Error,09-09-2016 12:40:14 AM,Microsoft-Windows-Security-SPP,8198,None,"License Activation (slui.exe) failed with the following error code:
hr=0x8007007B
Command-line arguments:
RuleId=502ff3ba-669a-4674-bbb1-601f34a3b968;Action=AutoActivateSilent;AppId=55c92734-d682-4d71-983e-d6ec3f16059f;SkuId=73111121-5638-40f6-bc11-f1d7b0d64300;NotificationInterval=1440;Trigger=TimerEvent"
Error,08-09-2016 10:40:34 PM,Microsoft-Windows-Security-SPP,8198,None,"License Activation (slui.exe) failed with the following error code:
hr=0x8007007B
Command-line arguments:
RuleId=502ff3ba-669a-4674-bbb1-601f34a3b968;Action=AutoActivateSilent;AppId=55c92734-d682-4d71-983e-d6ec3f16059f;SkuId=73111121-5638-40f6-bc11-f1d7b0d64300;NotificationInterval=1440;Trigger=UserLogon;SessionId=9"
Warning,08-09-2016 10:40:31 PM,Microsoft-Windows-Security-SPP,8233,None,"The rules engine reported a failed VL activation attempt.
Reason:0x8007007B
AppId = 0ff1ce15-a989-479d-af46-f275c6370663, SkuId = d450596f-894d-49e0-966a-fd39ed4c4c64
Trigger=UserLogon(9)"
Error,08-09-2016 10:40:23 PM,Microsoft-Windows-DistributedCOM,10016,None,"The application-specific permission settings do not grant Local Activation permission for the COM Server application with CLSID 
{8D8F4F83-3594-4F07-8369-FC3C3CAE4919}
 and APPID 
{F72671A9-012C-4725-9D2F-2A4D32D65169}
 to the user NT AUTHORITY\SYSTEM SID (S-1-5-18) from address LocalHost (Using LRPC) running in the application container Unavailable SID (Unavailable). This security permission can be modified using the Component Services administrative tool."
Error,08-09-2016 10:16:20 PM,Microsoft-Windows-Security-SPP,8198,None,"License Activation (slui.exe) failed with the following error code:
hr=0x8007139F
Command-line arguments:
RuleId=502ff3ba-669a-4674-bbb1-601f34a3b968;Action=AutoActivateSilent;AppId=55c92734-d682-4d71-983e-d6ec3f16059f;SkuId=73111121-5638-40f6-bc11-f1d7b0d64300;NotificationInterval=1440;Trigger=NetworkAvailable"
Warning,08-09-2016 10:16:20 PM,Microsoft-Windows-Security-SPP,8233,None,"The rules engine reported a failed VL activation attempt.
Reason:0x8007007B
AppId = 0ff1ce15-a989-479d-af46-f275c6370663, SkuId = d450596f-894d-49e0-966a-fd39ed4c4c64
Trigger=NetworkAvailable"
Error,08-09-2016 09:14:53 PM,Microsoft-Windows-Security-SPP,8198,None,"License Activation (slui.exe) failed with the following error code:
hr=0x8007139F
Command-line arguments:
RuleId=502ff3ba-669a-4674-bbb1-601f34a3b968;Action=AutoActivateSilent;AppId=55c92734-d682-4d71-983e-d6ec3f16059f;SkuId=73111121-5638-40f6-bc11-f1d7b0d64300;NotificationInterval=1440;Trigger=TimerEvent"
Warning,08-09-2016 09:14:53 PM,Microsoft-Windows-Security-SPP,8233,None,"The rules engine reported a failed VL activation attempt.
Reason:0x8007267C
AppId = 0ff1ce15-a989-479d-af46-f275c6370663, SkuId = d450596f-894d-49e0-966a-fd39ed4c4c64
Trigger=TimerEvent"
Warning,08-09-2016 09:12:01 PM,Microsoft-Windows-DNS-Client,1014,(1014),Name resolution for the name win10.ipv6.microsoft.com. timed out after none of the configured DNS servers responded.
Warning,08-09-2016 04:40:16 PM,Microsoft-Windows-Security-SPP,8233,None,"The rules engine reported a failed VL activation attempt.
Reason:0x8007007B
AppId = 0ff1ce15-a989-479d-af46-f275c6370663, SkuId = d450596f-894d-49e0-966a-fd39ed4c4c64
Trigger=TimerEvent"
Error,08-09-2016 04:40:00 PM,Microsoft-Windows-Security-SPP,8198,None,"License Activation (slui.exe) failed with the following error code:
hr=0x8007007B
Command-line arguments:
RuleId=502ff3ba-669a-4674-bbb1-601f34a3b968;Action=AutoActivateSilent;AppId=55c92734-d682-4d71-983e-d6ec3f16059f;SkuId=73111121-5638-40f6-bc11-f1d7b0d64300;NotificationInterval=1440;Trigger=TimerEvent"
Error,08-09-2016 02:40:22 PM,Microsoft-Windows-Security-SPP,8198,None,"License Activation (slui.exe) failed with the following error code:
hr=0x8007007B
Command-line arguments:
RuleId=502ff3ba-669a-4674-bbb1-601f34a3b968;Action=AutoActivateSilent;AppId=55c92734-d682-4d71-983e-d6ec3f16059f;SkuId=73111121-5638-40f6-bc11-f1d7b0d64300;NotificationInterval=1440;Trigger=NetworkAvailable"
Warning,08-09-2016 02:40:17 PM,Microsoft-Windows-Security-SPP,8233,None,"The rules engine reported a failed VL activation attempt.
Reason:0x8007007B
AppId = 0ff1ce15-a989-479d-af46-f275c6370663, SkuId = d450596f-894d-49e0-966a-fd39ed4c4c64
Trigger=NetworkAvailable"
Error,08-09-2016 02:39:29 PM,Microsoft-Windows-DistributedCOM,10010,None,The server {37998346-3765-45B1-8C66-AA88CA6B20B8} did not register with DCOM within the required timeout.
Error,08-09-2016 02:39:15 PM,Microsoft-Windows-Security-SPP,8198,None,"License Activation (slui.exe) failed with the following error code:
hr=0x8007007B
Command-line arguments:
RuleId=502ff3ba-669a-4674-bbb1-601f34a3b968;Action=AutoActivateSilent;AppId=55c92734-d682-4d71-983e-d6ec3f16059f;SkuId=73111121-5638-40f6-bc11-f1d7b0d64300;NotificationInterval=1440;Trigger=NetworkAvailable"
Warning,08-09-2016 02:39:07 PM,Microsoft-Windows-Security-SPP,8233,None,"The rules engine reported a failed VL activation attempt.
Reason:0x8007007B
AppId = 0ff1ce15-a989-479d-af46-f275c6370663, SkuId = d450596f-894d-49e0-966a-fd39ed4c4c64
Trigger=NetworkAvailable"
Warning,08-09-2016 02:39:04 PM,Microsoft-Windows-DNS-Client,1014,(1014),Name resolution for the name win10.ipv6.microsoft.com. timed out after none of the configured DNS servers responded.
Error,08-09-2016 02:38:50 PM,Microsoft-Windows-Dhcp-Client,1002,Address Configuration State Event,The IP address lease 192.168.0.108 for the Network Card with network address 0xC038969860C7 has been denied by the DHCP server 192.168.0.1 (The DHCP Server sent a DHCPNACK message).
Error,08-09-2016 02:37:29 PM,Service Control Manager,7023,None,"The Connected Devices Platform Service service terminated with the following error: 
Unspecified error"
Error,08-09-2016 02:35:39 PM,Microsoft-Windows-DistributedCOM,10010,None,The server {37998346-3765-45B1-8C66-AA88CA6B20B8} did not register with DCOM within the required timeout.
Error,08-09-2016 02:33:39 PM,Service Control Manager,7023,None,"The Connected Devices Platform Service service terminated with the following error: 
Unspecified error"
Error,08-09-2016 02:31:04 PM,Microsoft-Windows-DistributedCOM,10010,None,The server {37998346-3765-45B1-8C66-AA88CA6B20B8} did not register with DCOM within the required timeout.
Error,08-09-2016 02:29:04 PM,Service Control Manager,7023,None,"The Connected Devices Platform Service service terminated with the following error: 
Unspecified error"
Error,08-09-2016 12:40:22 PM,Microsoft-Windows-Security-SPP,8198,None,"License Activation (slui.exe) failed with the following error code:
hr=0x8007007B
Command-line arguments:
RuleId=502ff3ba-669a-4674-bbb1-601f34a3b968;Action=AutoActivateSilent;AppId=55c92734-d682-4d71-983e-d6ec3f16059f;SkuId=73111121-5638-40f6-bc11-f1d7b0d64300;NotificationInterval=1440;Trigger=NetworkAvailable"
Warning,08-09-2016 12:40:16 PM,Microsoft-Windows-Security-SPP,8233,None,"The rules engine reported a failed VL activation attempt.
Reason:0x8007007B
AppId = 0ff1ce15-a989-479d-af46-f275c6370663, SkuId = d450596f-894d-49e0-966a-fd39ed4c4c64
Trigger=NetworkAvailable"
Warning,08-09-2016 12:39:44 PM,Microsoft-Windows-DNS-Client,1014,(1014),Name resolution for the name knowledge.rapidssl.com timed out after none of the configured DNS servers responded.
Warning,08-09-2016 12:39:33 PM,Microsoft-Windows-DNS-Client,1014,(1014),Name resolution for the name knowledge.rapidssl.com timed out after none of the configured DNS servers responded.
Warning,08-09-2016 11:15:45 AM,Microsoft-Windows-Security-SPP,8233,None,"The rules engine reported a failed VL activation attempt.
Reason:0x8007007B
AppId = 0ff1ce15-a989-479d-af46-f275c6370663, SkuId = d450596f-894d-49e0-966a-fd39ed4c4c64
Trigger=TimerEvent"
Error,08-09-2016 11:15:11 AM,Microsoft-Windows-Security-SPP,8198,None,"License Activation (slui.exe) failed with the following error code:
hr=0x8007007B
Command-line arguments:
RuleId=502ff3ba-669a-4674-bbb1-601f34a3b968;Action=AutoActivateSilent;AppId=55c92734-d682-4d71-983e-d6ec3f16059f;SkuId=73111121-5638-40f6-bc11-f1d7b0d64300;NotificationInterval=1440;Trigger=TimerEvent"
Error,08-09-2016 10:37:39 AM,Microsoft-Windows-DistributedCOM,10010,None,The server {37998346-3765-45B1-8C66-AA88CA6B20B8} did not register with DCOM within the required timeout.
Error,08-09-2016 10:35:39 AM,Service Control Manager,7023,None,"The Connected Devices Platform Service service terminated with the following error: 
Unspecified error"
Error,08-09-2016 10:33:51 AM,Microsoft-Windows-DistributedCOM,10010,None,The server {37998346-3765-45B1-8C66-AA88CA6B20B8} did not register with DCOM within the required timeout.
Error,08-09-2016 10:31:51 AM,Service Control Manager,7023,None,"The Connected Devices Platform Service service terminated with the following error: 
Unspecified error"
Error,08-09-2016 09:15:55 AM,Microsoft-Windows-Security-SPP,8198,None,"License Activation (slui.exe) failed with the following error code:
hr=0x8007007B
Command-line arguments:
RuleId=502ff3ba-669a-4674-bbb1-601f34a3b968;Action=AutoActivateSilent;AppId=55c92734-d682-4d71-983e-d6ec3f16059f;SkuId=73111121-5638-40f6-bc11-f1d7b0d64300;NotificationInterval=1440;Trigger=NetworkAvailable"
Error,08-09-2016 09:15:52 AM,Microsoft-Windows-Security-SPP,8198,None,"License Activation (slui.exe) failed with the following error code:
hr=0x8007007B
Command-line arguments:
RuleId=502ff3ba-669a-4674-bbb1-601f34a3b968;Action=AutoActivateSilent;AppId=55c92734-d682-4d71-983e-d6ec3f16059f;SkuId=73111121-5638-40f6-bc11-f1d7b0d64300;NotificationInterval=1440;Trigger=UserLogon;SessionId=8"
Warning,08-09-2016 09:15:47 AM,Microsoft-Windows-Security-SPP,8233,None,"The rules engine reported a failed VL activation attempt.
Reason:0x8007007B
AppId = 0ff1ce15-a989-479d-af46-f275c6370663, SkuId = d450596f-894d-49e0-966a-fd39ed4c4c64
Trigger=UserLogon(8)"
Error,08-09-2016 09:15:45 AM,Microsoft-Windows-Security-SPP,8198,None,"License Activation (slui.exe) failed with the following error code:
hr=0x8007007B
Command-line arguments:
RuleId=502ff3ba-669a-4674-bbb1-601f34a3b968;Action=AutoActivateSilent;AppId=55c92734-d682-4d71-983e-d6ec3f16059f;SkuId=73111121-5638-40f6-bc11-f1d7b0d64300;NotificationInterval=1440;Trigger=NetworkAvailable"
Warning,08-09-2016 09:15:42 AM,Microsoft-Windows-Security-SPP,8233,None,"The rules engine reported a failed VL activation attempt.
Reason:0x8007007B
AppId = 0ff1ce15-a989-479d-af46-f275c6370663, SkuId = d450596f-894d-49e0-966a-fd39ed4c4c64
Trigger=NetworkAvailable"
Warning,08-09-2016 09:15:37 AM,Microsoft-Windows-Security-SPP,8233,None,"The rules engine reported a failed VL activation attempt.
Reason:0x8007007B
AppId = 0ff1ce15-a989-479d-af46-f275c6370663, SkuId = d450596f-894d-49e0-966a-fd39ed4c4c64
Trigger=NetworkAvailable"
Error,08-09-2016 09:15:27 AM,Microsoft-Windows-DistributedCOM,10016,None,"The application-specific permission settings do not grant Local Activation permission for the COM Server application with CLSID 
{8D8F4F83-3594-4F07-8369-FC3C3CAE4919}
 and APPID 
{F72671A9-012C-4725-9D2F-2A4D32D65169}
 to the user NT AUTHORITY\SYSTEM SID (S-1-5-18) from address LocalHost (Using LRPC) running in the application container Unavailable SID (Unavailable). This security permission can be modified using the Component Services administrative tool."
Warning,08-09-2016 09:15:26 AM,Microsoft-Windows-DNS-Client,1014,(1014),Name resolution for the name ping.avast.com timed out after none of the configured DNS servers responded.
Error,08-09-2016 09:15:21 AM,Microsoft-Windows-Dhcp-Client,1002,Address Configuration State Event,The IP address lease 192.168.0.104 for the Network Card with network address 0xC038969860C7 has been denied by the DHCP server 192.168.0.1 (The DHCP Server sent a DHCPNACK message).
Warning,08-09-2016 12:46:56 AM,Microsoft-Windows-DNS-Client,1014,(1014),Name resolution for the name settings-win.data.microsoft.com timed out after none of the configured DNS servers responded.
Error,07-09-2016 11:53:18 PM,Microsoft-Windows-Security-SPP,8198,None,"License Activation (slui.exe) failed with the following error code:
hr=0x8007007B
Command-line arguments:
RuleId=502ff3ba-669a-4674-bbb1-601f34a3b968;Action=AutoActivateSilent;AppId=55c92734-d682-4d71-983e-d6ec3f16059f;SkuId=73111121-5638-40f6-bc11-f1d7b0d64300;NotificationInterval=1440;Trigger=NetworkAvailable"
Warning,07-09-2016 11:53:13 PM,Microsoft-Windows-Security-SPP,8233,None,"The rules engine reported a failed VL activation attempt.
Reason:0x8007007B
AppId = 0ff1ce15-a989-479d-af46-f275c6370663, SkuId = d450596f-894d-49e0-966a-fd39ed4c4c64
Trigger=NetworkAvailable"
Warning,07-09-2016 11:53:03 PM,Microsoft-Windows-DNS-Client,1014,(1014),Name resolution for the name win10.ipv6.microsoft.com. timed out after none of the configured DNS servers responded.
Error,07-09-2016 11:52:57 PM,Microsoft-Windows-Dhcp-Client,1002,Address Configuration State Event,The IP address lease 192.168.0.102 for the Network Card with network address 0xC038969860C7 has been denied by the DHCP server 192.168.0.1 (The DHCP Server sent a DHCPNACK message).
Error,07-09-2016 11:52:55 PM,Microsoft-Windows-Security-SPP,8198,None,"License Activation (slui.exe) failed with the following error code:
hr=0x8007007B
Command-line arguments:
RuleId=502ff3ba-669a-4674-bbb1-601f34a3b968;Action=AutoActivateSilent;AppId=55c92734-d682-4d71-983e-d6ec3f16059f;SkuId=73111121-5638-40f6-bc11-f1d7b0d64300;NotificationInterval=1440;Trigger=NetworkAvailable"
Warning,07-09-2016 11:52:54 PM,Microsoft-Windows-Security-SPP,8233,None,"The rules engine reported a failed VL activation attempt.
Reason:0x8007007B
AppId = 0ff1ce15-a989-479d-af46-f275c6370663, SkuId = d450596f-894d-49e0-966a-fd39ed4c4c64
Trigger=NetworkAvailable"
Error,07-09-2016 11:16:39 PM,Microsoft-Windows-Security-SPP,8198,None,"License Activation (slui.exe) failed with the following error code:
hr=0x8007007B
Command-line arguments:
RuleId=502ff3ba-669a-4674-bbb1-601f34a3b968;Action=AutoActivateSilent;AppId=55c92734-d682-4d71-983e-d6ec3f16059f;SkuId=73111121-5638-40f6-bc11-f1d7b0d64300;NotificationInterval=1440;Trigger=NetworkAvailable"
Warning,07-09-2016 11:16:34 PM,Microsoft-Windows-Security-SPP,8233,None,"The rules engine reported a failed VL activation attempt.
Reason:0x8007007B
AppId = 0ff1ce15-a989-479d-af46-f275c6370663, SkuId = d450596f-894d-49e0-966a-fd39ed4c4c64
Trigger=NetworkAvailable"
Error,07-09-2016 11:11:32 PM,Bonjour Service,100,None,Task Scheduling Error: m->NextScheduledSPRetry 4813
Error,07-09-2016 11:11:32 PM,Bonjour Service,100,None,Task Scheduling Error: m->NextScheduledEvent 4813
Error,07-09-2016 11:11:32 PM,Bonjour Service,100,None,Task Scheduling Error: Continuously busy for more than a second
Error,07-09-2016 11:11:31 PM,Bonjour Service,100,None,Task Scheduling Error: m->NextScheduledSPRetry 3547
Error,07-09-2016 11:11:31 PM,Bonjour Service,100,None,Task Scheduling Error: m->NextScheduledEvent 3547
Error,07-09-2016 11:11:31 PM,Bonjour Service,100,None,Task Scheduling Error: Continuously busy for more than a second
Error,07-09-2016 11:11:30 PM,Bonjour Service,100,None,Task Scheduling Error: m->NextScheduledSPRetry 2282
Error,07-09-2016 11:11:30 PM,Bonjour Service,100,None,Task Scheduling Error: m->NextScheduledEvent 2282
Error,07-09-2016 11:11:30 PM,Bonjour Service,100,None,Task Scheduling Error: Continuously busy for more than a second
Error,07-09-2016 11:11:29 PM,Bonjour Service,100,None,Task Scheduling Error: m->NextScheduledSPRetry 1172
Error,07-09-2016 11:11:29 PM,Bonjour Service,100,None,Task Scheduling Error: m->NextScheduledEvent 1172
Error,07-09-2016 11:11:29 PM,Bonjour Service,100,None,Task Scheduling Error: Continuously busy for more than a second
Error,07-09-2016 10:38:38 PM,Microsoft-Windows-DistributedCOM,10016,None,"The application-specific permission settings do not grant Local Activation permission for the COM Server application with CLSID 
{D63B10C5-BB46-4990-A94F-E40B9D520160}
 and APPID 
{9CA88EE3-ACB7-47C8-AFC4-AB702511C276}
 to the user NT AUTHORITY\SYSTEM SID (S-1-5-18) from address LocalHost (Using LRPC) running in the application container Unavailable SID (Unavailable). This security permission can be modified using the Component Services administrative tool."
Error,07-09-2016 10:11:43 PM,Microsoft-Windows-Security-SPP,8198,None,"License Activation (slui.exe) failed with the following error code:
hr=0x8007007B
Command-line arguments:
RuleId=502ff3ba-669a-4674-bbb1-601f34a3b968;Action=AutoActivateSilent;AppId=55c92734-d682-4d71-983e-d6ec3f16059f;SkuId=73111121-5638-40f6-bc11-f1d7b0d64300;NotificationInterval=1440;Trigger=UserLogon;SessionId=7"
Error,07-09-2016 10:11:41 PM,Microsoft-Windows-Security-SPP,8198,None,"License Activation (slui.exe) failed with the following error code:
hr=0x8007007B
Command-line arguments:
RuleId=502ff3ba-669a-4674-bbb1-601f34a3b968;Action=AutoActivateSilent;AppId=55c92734-d682-4d71-983e-d6ec3f16059f;SkuId=73111121-5638-40f6-bc11-f1d7b0d64300;NotificationInterval=1440;Trigger=NetworkAvailable"
Warning,07-09-2016 10:11:38 PM,Microsoft-Windows-Security-SPP,8233,None,"The rules engine reported a failed VL activation attempt.
Reason:0x8007007B
AppId = 0ff1ce15-a989-479d-af46-f275c6370663, SkuId = d450596f-894d-49e0-966a-fd39ed4c4c64
Trigger=UserLogon(7)"
Warning,07-09-2016 10:11:30 PM,Microsoft-Windows-Security-SPP,8233,None,"The rules engine reported a failed VL activation attempt.
Reason:0x8007007B
AppId = 0ff1ce15-a989-479d-af46-f275c6370663, SkuId = d450596f-894d-49e0-966a-fd39ed4c4c64
Trigger=NetworkAvailable"
Error,07-09-2016 10:11:26 PM,Microsoft-Windows-DistributedCOM,10016,None,"The application-specific permission settings do not grant Local Activation permission for the COM Server application with CLSID 
{8D8F4F83-3594-4F07-8369-FC3C3CAE4919}
 and APPID 
{F72671A9-012C-4725-9D2F-2A4D32D65169}
 to the user NT AUTHORITY\SYSTEM SID (S-1-5-18) from address LocalHost (Using LRPC) running in the application container Unavailable SID (Unavailable). This security permission can be modified using the Component Services administrative tool."
Error,07-09-2016 07:02:35 PM,Microsoft-Windows-Security-SPP,8198,None,"License Activation (slui.exe) failed with the following error code:
hr=0x8007007B
Command-line arguments:
RuleId=502ff3ba-669a-4674-bbb1-601f34a3b968;Action=AutoActivateSilent;AppId=55c92734-d682-4d71-983e-d6ec3f16059f;SkuId=73111121-5638-40f6-bc11-f1d7b0d64300;NotificationInterval=1440;Trigger=UserLogon;SessionId=6"
Warning,07-09-2016 07:02:31 PM,Microsoft-Windows-Security-SPP,8233,None,"The rules engine reported a failed VL activation attempt.
Reason:0x8007007B
AppId = 0ff1ce15-a989-479d-af46-f275c6370663, SkuId = d450596f-894d-49e0-966a-fd39ed4c4c64
Trigger=UserLogon(6)"
Error,07-09-2016 07:02:18 PM,Microsoft-Windows-DistributedCOM,10016,None,"The application-specific permission settings do not grant Local Activation permission for the COM Server application with CLSID 
{8D8F4F83-3594-4F07-8369-FC3C3CAE4919}
 and APPID 
{F72671A9-012C-4725-9D2F-2A4D32D65169}
 to the user NT AUTHORITY\SYSTEM SID (S-1-5-18) from address LocalHost (Using LRPC) running in the application container Unavailable SID (Unavailable). This security permission can be modified using the Component Services administrative tool."
Error,07-09-2016 07:00:13 PM,Microsoft-Windows-Security-SPP,8198,None,"License Activation (slui.exe) failed with the following error code:
hr=0x8007139F
Command-line arguments:
RuleId=502ff3ba-669a-4674-bbb1-601f34a3b968;Action=AutoActivateSilent;AppId=55c92734-d682-4d71-983e-d6ec3f16059f;SkuId=73111121-5638-40f6-bc11-f1d7b0d64300;NotificationInterval=1440;Trigger=NetworkAvailable"
Warning,07-09-2016 07:00:10 PM,Microsoft-Windows-Security-SPP,8233,None,"The rules engine reported a failed VL activation attempt.
Reason:0x8007007B
AppId = 0ff1ce15-a989-479d-af46-f275c6370663, SkuId = d450596f-894d-49e0-966a-fd39ed4c4c64
Trigger=NetworkAvailable"
Warning,07-09-2016 06:30:07 PM,Microsoft-Windows-DNS-Client,1014,(1014),Name resolution for the name p2.keywee.co timed out after none of the configured DNS servers responded.
Error,07-09-2016 06:24:06 PM,Microsoft-Windows-DistributedCOM,10016,None,"The application-specific permission settings do not grant Local Activation permission for the COM Server application with CLSID 
{D63B10C5-BB46-4990-A94F-E40B9D520160}
 and APPID 
{9CA88EE3-ACB7-47C8-AFC4-AB702511C276}
 to the user NT AUTHORITY\SYSTEM SID (S-1-5-18) from address LocalHost (Using LRPC) running in the application container Unavailable SID (Unavailable). This security permission can be modified using the Component Services administrative tool."
Warning,07-09-2016 05:51:11 PM,Microsoft-Windows-DeviceSetupManager,200,None,A connection to the Windows Update service could not be established.
Warning,07-09-2016 05:51:11 PM,Microsoft-Windows-DeviceSetupManager,202,None,The Network List Manager reports no connectivity to the internet.
Error,07-09-2016 05:47:19 PM,Microsoft-Windows-Security-SPP,8198,None,"License Activation (slui.exe) failed with the following error code:
hr=0x8007007B
Command-line arguments:
RuleId=502ff3ba-669a-4674-bbb1-601f34a3b968;Action=AutoActivateSilent;AppId=55c92734-d682-4d71-983e-d6ec3f16059f;SkuId=73111121-5638-40f6-bc11-f1d7b0d64300;NotificationInterval=1440;Trigger=NetworkAvailable"
Error,07-09-2016 05:47:14 PM,Microsoft-Windows-Security-SPP,8198,None,"License Activation (slui.exe) failed with the following error code:
hr=0x8007007B
Command-line arguments:
RuleId=502ff3ba-669a-4674-bbb1-601f34a3b968;Action=AutoActivateSilent;AppId=55c92734-d682-4d71-983e-d6ec3f16059f;SkuId=73111121-5638-40f6-bc11-f1d7b0d64300;NotificationInterval=1440;Trigger=NetworkAvailable"
Warning,07-09-2016 05:47:11 PM,Microsoft-Windows-Security-SPP,8233,None,"The rules engine reported a failed VL activation attempt.
Reason:0x8007007B
AppId = 0ff1ce15-a989-479d-af46-f275c6370663, SkuId = d450596f-894d-49e0-966a-fd39ed4c4c64
Trigger=NetworkAvailable"
Warning,07-09-2016 05:47:02 PM,Microsoft-Windows-Security-SPP,8233,None,"The rules engine reported a failed VL activation attempt.
Reason:0x8007007B
AppId = 0ff1ce15-a989-479d-af46-f275c6370663, SkuId = d450596f-894d-49e0-966a-fd39ed4c4c64
Trigger=NetworkAvailable"
Error,07-09-2016 05:46:52 PM,Microsoft-Windows-Dhcp-Client,1002,Address Configuration State Event,The IP address lease 192.168.0.102 for the Network Card with network address 0xC038969860C7 has been denied by the DHCP server 192.168.0.1 (The DHCP Server sent a DHCPNACK message).
Warning,07-09-2016 05:46:11 PM,Microsoft-Windows-DeviceSetupManager,200,None,A connection to the Windows Update service could not be established.
Warning,07-09-2016 05:46:11 PM,Microsoft-Windows-DeviceSetupManager,202,None,The Network List Manager reports no connectivity to the internet.
Warning,07-09-2016 05:45:41 PM,Microsoft-Windows-DeviceSetupManager,200,None,A connection to the Windows Update service could not be established.
Warning,07-09-2016 05:45:41 PM,Microsoft-Windows-DeviceSetupManager,202,None,The Network List Manager reports no connectivity to the internet.
Warning,07-09-2016 05:45:38 PM,Microsoft-Windows-DeviceSetupManager,201,None,A connection to the Windows Metadata and Internet Services (WMIS) could not be established.
Warning,07-09-2016 05:45:38 PM,Microsoft-Windows-DeviceSetupManager,202,None,The Network List Manager reports no connectivity to the internet.
Warning,07-09-2016 05:45:38 PM,Microsoft-Windows-DeviceSetupManager,200,None,A connection to the Windows Update service could not be established.
Warning,07-09-2016 05:45:38 PM,Microsoft-Windows-DeviceSetupManager,202,None,The Network List Manager reports no connectivity to the internet.
Error,07-09-2016 05:40:30 PM,Microsoft-Windows-Security-SPP,8198,None,"License Activation (slui.exe) failed with the following error code:
hr=0x8007267C
Command-line arguments:
RuleId=502ff3ba-669a-4674-bbb1-601f34a3b968;Action=AutoActivateSilent;AppId=55c92734-d682-4d71-983e-d6ec3f16059f;SkuId=73111121-5638-40f6-bc11-f1d7b0d64300;NotificationInterval=1440;Trigger=NetworkAvailable"
Warning,07-09-2016 05:40:29 PM,Microsoft-Windows-DNS-Client,1014,(1014),Name resolution for the name 1.client-channel.google.com timed out after none of the configured DNS servers responded.
Error,07-09-2016 05:40:25 PM,Microsoft-Windows-Security-SPP,8198,None,"License Activation (slui.exe) failed with the following error code:
hr=0x8007007B
Command-line arguments:
RuleId=502ff3ba-669a-4674-bbb1-601f34a3b968;Action=AutoActivateSilent;AppId=55c92734-d682-4d71-983e-d6ec3f16059f;SkuId=73111121-5638-40f6-bc11-f1d7b0d64300;NotificationInterval=1440;Trigger=NetworkAvailable"
Warning,07-09-2016 05:40:24 PM,Microsoft-Windows-Security-SPP,8233,None,"The rules engine reported a failed VL activation attempt.
Reason:0x8007007B
AppId = 0ff1ce15-a989-479d-af46-f275c6370663, SkuId = d450596f-894d-49e0-966a-fd39ed4c4c64
Trigger=NetworkAvailable"
Warning,07-09-2016 05:40:22 PM,Microsoft-Windows-DNS-Client,1014,(1014),Name resolution for the name dns.msftncsi.com timed out after none of the configured DNS servers responded.
Warning,07-09-2016 05:40:15 PM,Microsoft-Windows-Security-SPP,8233,None,"The rules engine reported a failed VL activation attempt.
Reason:0x8007007B
AppId = 0ff1ce15-a989-479d-af46-f275c6370663, SkuId = d450596f-894d-49e0-966a-fd39ed4c4c64
Trigger=NetworkAvailable"
Error,07-09-2016 05:40:08 PM,Microsoft-Windows-Dhcp-Client,1002,Address Configuration State Event,The IP address lease 192.168.0.109 for the Network Card with network address 0xC038969860C7 has been denied by the DHCP server 192.168.0.1 (The DHCP Server sent a DHCPNACK message).
Error,07-09-2016 05:39:17 PM,Microsoft-Windows-DistributedCOM,10016,None,"The application-specific permission settings do not grant Local Activation permission for the COM Server application with CLSID 
{D63B10C5-BB46-4990-A94F-E40B9D520160}
 and APPID 
{9CA88EE3-ACB7-47C8-AFC4-AB702511C276}
 to the user NT AUTHORITY\SYSTEM SID (S-1-5-18) from address LocalHost (Using LRPC) running in the application container Unavailable SID (Unavailable). This security permission can be modified using the Component Services administrative tool."
Error,07-09-2016 05:18:39 PM,Microsoft-Windows-Security-SPP,8198,None,"License Activation (slui.exe) failed with the following error code:
hr=0x8007007B
Command-line arguments:
RuleId=502ff3ba-669a-4674-bbb1-601f34a3b968;Action=AutoActivateSilent;AppId=55c92734-d682-4d71-983e-d6ec3f16059f;SkuId=73111121-5638-40f6-bc11-f1d7b0d64300;NotificationInterval=1440;Trigger=NetworkAvailable"
Warning,07-09-2016 05:18:34 PM,Microsoft-Windows-Security-SPP,8233,None,"The rules engine reported a failed VL activation attempt.
Reason:0x8007007B
AppId = 0ff1ce15-a989-479d-af46-f275c6370663, SkuId = d450596f-894d-49e0-966a-fd39ed4c4c64
Trigger=NetworkAvailable"
Error,07-09-2016 05:18:29 PM,Microsoft-Windows-Security-SPP,8198,None,"License Activation (slui.exe) failed with the following error code:
hr=0x8007007B
Command-line arguments:
RuleId=502ff3ba-669a-4674-bbb1-601f34a3b968;Action=AutoActivateSilent;AppId=55c92734-d682-4d71-983e-d6ec3f16059f;SkuId=73111121-5638-40f6-bc11-f1d7b0d64300;NotificationInterval=1440;Trigger=NetworkAvailable"
Warning,07-09-2016 05:18:24 PM,Microsoft-Windows-Security-SPP,8233,None,"The rules engine reported a failed VL activation attempt.
Reason:0x8007007B
AppId = 0ff1ce15-a989-479d-af46-f275c6370663, SkuId = d450596f-894d-49e0-966a-fd39ed4c4c64
Trigger=NetworkAvailable"
Warning,07-09-2016 05:13:58 PM,Microsoft-Windows-DNS-Client,1014,(1014),Name resolution for the name my.naukri.com timed out after none of the configured DNS servers responded.
Error,07-09-2016 05:05:02 PM,Microsoft-Windows-Security-SPP,8198,None,"License Activation (slui.exe) failed with the following error code:
hr=0x8007007B
Command-line arguments:
RuleId=502ff3ba-669a-4674-bbb1-601f34a3b968;Action=AutoActivateSilent;AppId=55c92734-d682-4d71-983e-d6ec3f16059f;SkuId=73111121-5638-40f6-bc11-f1d7b0d64300;NotificationInterval=1440;Trigger=UserLogon;SessionId=5"
Warning,07-09-2016 05:04:59 PM,Microsoft-Windows-Security-SPP,8233,None,"The rules engine reported a failed VL activation attempt.
Reason:0x8007007B
AppId = 0ff1ce15-a989-479d-af46-f275c6370663, SkuId = d450596f-894d-49e0-966a-fd39ed4c4c64
Trigger=UserLogon(5)"
Error,07-09-2016 05:04:47 PM,Microsoft-Windows-DistributedCOM,10016,None,"The application-specific permission settings do not grant Local Activation permission for the COM Server application with CLSID 
{8D8F4F83-3594-4F07-8369-FC3C3CAE4919}
 and APPID 
{F72671A9-012C-4725-9D2F-2A4D32D65169}
 to the user NT AUTHORITY\SYSTEM SID (S-1-5-18) from address LocalHost (Using LRPC) running in the application container Unavailable SID (Unavailable). This security permission can be modified using the Component Services administrative tool."
Error,07-09-2016 05:04:13 PM,Microsoft-Windows-Security-SPP,8198,None,"License Activation (slui.exe) failed with the following error code:
hr=0x8007139F
Command-line arguments:
RuleId=502ff3ba-669a-4674-bbb1-601f34a3b968;Action=AutoActivateSilent;AppId=55c92734-d682-4d71-983e-d6ec3f16059f;SkuId=73111121-5638-40f6-bc11-f1d7b0d64300;NotificationInterval=1440;Trigger=NetworkAvailable"
Warning,07-09-2016 05:04:10 PM,Microsoft-Windows-Security-SPP,8233,None,"The rules engine reported a failed VL activation attempt.
Reason:0x8007007B
AppId = 0ff1ce15-a989-479d-af46-f275c6370663, SkuId = d450596f-894d-49e0-966a-fd39ed4c4c64
Trigger=NetworkAvailable"
Warning,07-09-2016 03:00:39 PM,Microsoft-Windows-Security-SPP,8233,None,"The rules engine reported a failed VL activation attempt.
Reason:0x8007007B
AppId = 0ff1ce15-a989-479d-af46-f275c6370663, SkuId = d450596f-894d-49e0-966a-fd39ed4c4c64
Trigger=TimerEvent"
Error,07-09-2016 03:00:15 PM,Microsoft-Windows-Security-SPP,8198,None,"License Activation (slui.exe) failed with the following error code:
hr=0x8007007B
Command-line arguments:
RuleId=502ff3ba-669a-4674-bbb1-601f34a3b968;Action=AutoActivateSilent;AppId=55c92734-d682-4d71-983e-d6ec3f16059f;SkuId=73111121-5638-40f6-bc11-f1d7b0d64300;NotificationInterval=1440;Trigger=TimerEvent"
